<?xml version="1.0" encoding="UTF-8"?>
<!-- Generated by org.testng.reporters.JUnitXMLReporter -->
<testsuite ignored="0" hostname="Jayarees-MacBook-Pro.local" failures="0" tests="8" name="Default test" time="23.862" errors="0" timestamp="31 Oct 2018 17:13:29 GMT">
  <testcase classname="Stepdef.Login_From_PopBitch_Frist_Use_Notice" name="i_am_a_registered_user_I_open_the_browser" time="1.179"/>
  <testcase classname="Stepdef.Login_From_PopBitch_Frist_Use_Notice" name="i_navigate_to_popbitch_com" time="0.703"/>
  <testcase classname="Stepdef.Login_From_PopBitch_Frist_Use_Notice" name="i_click_on_the_Stories_Menu" time="8.096"/>
  <testcase classname="Stepdef.Login_From_PopBitch_Frist_Use_Notice" name="i_click_on_the_Premium_Story" time="5.292"/>
  <testcase classname="Stepdef.Login_From_PopBitch_Frist_Use_Notice" name="i_Click_on_Login_to_Agate_from_the_Pop_Bitch_First_use_notice" time="2.077"/>
  <testcase classname="Stepdef.Login_From_PopBitch_Frist_Use_Notice" name="i_verify_that_the_Login_Button_Navigates_me_to_the_login_page" time="0.006"/>
  <testcase classname="Stepdef.Login_From_PopBitch_Frist_Use_Notice" name="i_Login_with_correct_Details" time="3.47"/>
  <testcase classname="Stepdef.Login_From_PopBitch_Frist_Use_Notice" name="i_verify_that_I_am_navigated_to_the_full_article" time="3.007"/>
</testsuite> <!-- Default test -->
